<?xml version="1.0" encoding="UTF-8"?>
<!-- Generated by org.testng.reporters.JUnitXMLReporter -->
<testsuite hostname="Abhi" ignored="0" name="Test" tests="3" failures="0" timestamp="2021-12-17T22:28:08 IST" time="48.677" errors="0">
  <testcase name="verifyFirstBookTitle" time="0.124" classname="com.atibidar.maven.basic.MavenSample"/>
  <testcase name="verifyHomePageTitle" time="0.013" classname="com.atibidar.maven.basic.MavenSample"/>
  <testcase name="verifyNewArrivalsDisplayed" time="0.125" classname="com.atibidar.maven.basic.MavenSample"/>
</testsuite> <!-- Test -->
